{"name":"Log","hostname":"Taurus","pid":82738,"level":30,"version":"5.108.2","msg":"Ghost is running in development...","time":"2025-01-31T15:14:47.289Z","v":0}
{"name":"Log","hostname":"Taurus","pid":82738,"level":30,"version":"5.108.2","msg":"Listening on: 127.0.0.1:2369","time":"2025-01-31T15:14:47.290Z","v":0}
{"name":"Log","hostname":"Taurus","pid":82738,"level":30,"version":"5.108.2","msg":"Url configured as: http://localhost:2369/","time":"2025-01-31T15:14:47.290Z","v":0}
{"name":"Log","hostname":"Taurus","pid":82738,"level":30,"version":"5.108.2","msg":"Ctrl+C to shut down","time":"2025-01-31T15:14:47.290Z","v":0}
{"name":"Log","hostname":"Taurus","pid":82738,"level":30,"version":"5.108.2","msg":"Ghost server started in 0.183s","time":"2025-01-31T15:14:47.291Z","v":0}
{"name":"Log","hostname":"Taurus","pid":82738,"level":40,"version":"5.108.2","msg":"Database state requires initialisation.","time":"2025-01-31T15:14:47.351Z","v":0}
{"name":"Log","hostname":"Taurus","pid":82738,"level":30,"version":"5.108.2","msg":"Creating table: newsletters","time":"2025-01-31T15:14:47.448Z","v":0}
{"name":"Log","hostname":"Taurus","pid":82738,"level":30,"version":"5.108.2","msg":"Creating table: posts","time":"2025-01-31T15:14:47.459Z","v":0}
{"name":"Log","hostname":"Taurus","pid":82738,"level":30,"version":"5.108.2","msg":"Creating table: posts_meta","time":"2025-01-31T15:14:47.470Z","v":0}
{"name":"Log","hostname":"Taurus","pid":82738,"level":30,"version":"5.108.2","msg":"Creating table: users","time":"2025-01-31T15:14:47.474Z","v":0}
{"name":"Log","hostname":"Taurus","pid":82738,"level":30,"version":"5.108.2","msg":"Creating table: posts_authors","time":"2025-01-31T15:14:47.480Z","v":0}
{"name":"Log","hostname":"Taurus","pid":82738,"level":30,"version":"5.108.2","msg":"Creating table: roles","time":"2025-01-31T15:14:47.482Z","v":0}
{"name":"Log","hostname":"Taurus","pid":82738,"level":30,"version":"5.108.2","msg":"Creating table: roles_users","time":"2025-01-31T15:14:47.486Z","v":0}
{"name":"Log","hostname":"Taurus","pid":82738,"level":30,"version":"5.108.2","msg":"Creating table: permissions","time":"2025-01-31T15:14:47.488Z","v":0}
{"name":"Log","hostname":"Taurus","pid":82738,"level":30,"version":"5.108.2","msg":"Creating table: permissions_users","time":"2025-01-31T15:14:47.492Z","v":0}
{"name":"Log","hostname":"Taurus","pid":82738,"level":30,"version":"5.108.2","msg":"Creating table: permissions_roles","time":"2025-01-31T15:14:47.494Z","v":0}
{"name":"Log","hostname":"Taurus","pid":82738,"level":30,"version":"5.108.2","msg":"Creating table: settings","time":"2025-01-31T15:14:47.496Z","v":0}
{"name":"Log","hostname":"Taurus","pid":82738,"level":30,"version":"5.108.2","msg":"Creating table: tags","time":"2025-01-31T15:14:47.500Z","v":0}
{"name":"Log","hostname":"Taurus","pid":82738,"level":30,"version":"5.108.2","msg":"Creating table: posts_tags","time":"2025-01-31T15:14:47.505Z","v":0}
{"name":"Log","hostname":"Taurus","pid":82738,"level":30,"version":"5.108.2","msg":"Creating table: invites","time":"2025-01-31T15:14:47.509Z","v":0}
{"name":"Log","hostname":"Taurus","pid":82738,"level":30,"version":"5.108.2","msg":"Creating table: brute","time":"2025-01-31T15:14:47.515Z","v":0}
{"name":"Log","hostname":"Taurus","pid":82738,"level":30,"version":"5.108.2","msg":"Creating table: sessions","time":"2025-01-31T15:14:47.518Z","v":0}
{"name":"Log","hostname":"Taurus","pid":82738,"level":30,"version":"5.108.2","msg":"Creating table: integrations","time":"2025-01-31T15:14:47.522Z","v":0}
{"name":"Log","hostname":"Taurus","pid":82738,"level":30,"version":"5.108.2","msg":"Creating table: webhooks","time":"2025-01-31T15:14:47.526Z","v":0}
{"name":"Log","hostname":"Taurus","pid":82738,"level":30,"version":"5.108.2","msg":"Creating table: api_keys","time":"2025-01-31T15:14:47.529Z","v":0}
{"name":"Log","hostname":"Taurus","pid":82738,"level":30,"version":"5.108.2","msg":"Creating table: mobiledoc_revisions","time":"2025-01-31T15:14:47.534Z","v":0}
{"name":"Log","hostname":"Taurus","pid":82738,"level":30,"version":"5.108.2","msg":"Creating table: post_revisions","time":"2025-01-31T15:14:47.539Z","v":0}
{"name":"Log","hostname":"Taurus","pid":82738,"level":30,"version":"5.108.2","msg":"Creating table: members","time":"2025-01-31T15:14:47.544Z","v":0}
{"name":"Log","hostname":"Taurus","pid":82738,"level":30,"version":"5.108.2","msg":"Creating table: products","time":"2025-01-31T15:14:47.554Z","v":0}
{"name":"Log","hostname":"Taurus","pid":82738,"level":30,"version":"5.108.2","msg":"Creating table: offers","time":"2025-01-31T15:14:47.558Z","v":0}
{"name":"Log","hostname":"Taurus","pid":82738,"level":30,"version":"5.108.2","msg":"Creating table: benefits","time":"2025-01-31T15:14:47.566Z","v":0}
{"name":"Log","hostname":"Taurus","pid":82738,"level":30,"version":"5.108.2","msg":"Creating table: products_benefits","time":"2025-01-31T15:14:47.570Z","v":0}
{"name":"Log","hostname":"Taurus","pid":82738,"level":30,"version":"5.108.2","msg":"Creating table: members_products","time":"2025-01-31T15:14:47.572Z","v":0}
{"name":"Log","hostname":"Taurus","pid":82738,"level":30,"version":"5.108.2","msg":"Creating table: posts_products","time":"2025-01-31T15:14:47.574Z","v":0}
{"name":"Log","hostname":"Taurus","pid":82738,"level":30,"version":"5.108.2","msg":"Creating table: members_created_events","time":"2025-01-31T15:14:47.576Z","v":0}
{"name":"Log","hostname":"Taurus","pid":82738,"level":30,"version":"5.108.2","msg":"Creating table: members_cancel_events","time":"2025-01-31T15:14:47.579Z","v":0}
{"name":"Log","hostname":"Taurus","pid":82738,"level":30,"version":"5.108.2","msg":"Creating table: members_payment_events","time":"2025-01-31T15:14:47.587Z","v":0}
{"name":"Log","hostname":"Taurus","pid":82738,"level":30,"version":"5.108.2","msg":"Creating table: members_login_events","time":"2025-01-31T15:14:47.589Z","v":0}
{"name":"Log","hostname":"Taurus","pid":82738,"level":30,"version":"5.108.2","msg":"Creating table: members_email_change_events","time":"2025-01-31T15:14:47.591Z","v":0}
{"name":"Log","hostname":"Taurus","pid":82738,"level":30,"version":"5.108.2","msg":"Creating table: members_status_events","time":"2025-01-31T15:14:47.593Z","v":0}
{"name":"Log","hostname":"Taurus","pid":82738,"level":30,"version":"5.108.2","msg":"Creating table: members_product_events","time":"2025-01-31T15:14:47.596Z","v":0}
{"name":"Log","hostname":"Taurus","pid":82738,"level":30,"version":"5.108.2","msg":"Creating table: members_paid_subscription_events","time":"2025-01-31T15:14:47.598Z","v":0}
{"name":"Log","hostname":"Taurus","pid":82738,"level":30,"version":"5.108.2","msg":"Creating table: labels","time":"2025-01-31T15:14:47.600Z","v":0}
{"name":"Log","hostname":"Taurus","pid":82738,"level":30,"version":"5.108.2","msg":"Creating table: members_labels","time":"2025-01-31T15:14:47.606Z","v":0}
{"name":"Log","hostname":"Taurus","pid":82738,"level":30,"version":"5.108.2","msg":"Creating table: members_stripe_customers","time":"2025-01-31T15:14:47.608Z","v":0}
{"name":"Log","hostname":"Taurus","pid":82738,"level":30,"version":"5.108.2","msg":"Creating table: subscriptions","time":"2025-01-31T15:14:47.612Z","v":0}
{"name":"Log","hostname":"Taurus","pid":82738,"level":30,"version":"5.108.2","msg":"Creating table: members_stripe_customers_subscriptions","time":"2025-01-31T15:14:47.615Z","v":0}
{"name":"Log","hostname":"Taurus","pid":82738,"level":30,"version":"5.108.2","msg":"Creating table: members_subscription_created_events","time":"2025-01-31T15:14:47.622Z","v":0}
{"name":"Log","hostname":"Taurus","pid":82738,"level":30,"version":"5.108.2","msg":"Creating table: offer_redemptions","time":"2025-01-31T15:14:47.627Z","v":0}
{"name":"Log","hostname":"Taurus","pid":82738,"level":30,"version":"5.108.2","msg":"Creating table: members_subscribe_events","time":"2025-01-31T15:14:47.630Z","v":0}
{"name":"Log","hostname":"Taurus","pid":82738,"level":30,"version":"5.108.2","msg":"Creating table: donation_payment_events","time":"2025-01-31T15:14:47.633Z","v":0}
{"name":"Log","hostname":"Taurus","pid":82738,"level":30,"version":"5.108.2","msg":"Creating table: stripe_products","time":"2025-01-31T15:14:47.635Z","v":0}
{"name":"Log","hostname":"Taurus","pid":82738,"level":30,"version":"5.108.2","msg":"Creating table: stripe_prices","time":"2025-01-31T15:14:47.639Z","v":0}
{"name":"Log","hostname":"Taurus","pid":82738,"level":30,"version":"5.108.2","msg":"Creating table: actions","time":"2025-01-31T15:14:47.643Z","v":0}
{"name":"Log","hostname":"Taurus","pid":82738,"level":30,"version":"5.108.2","msg":"Creating table: emails","time":"2025-01-31T15:14:47.645Z","v":0}
{"name":"Log","hostname":"Taurus","pid":82738,"level":30,"version":"5.108.2","msg":"Creating table: email_batches","time":"2025-01-31T15:14:47.651Z","v":0}
{"name":"Log","hostname":"Taurus","pid":82738,"level":30,"version":"5.108.2","msg":"Creating table: email_recipients","time":"2025-01-31T15:14:47.653Z","v":0}
{"name":"Log","hostname":"Taurus","pid":82738,"level":30,"version":"5.108.2","msg":"Creating table: email_recipient_failures","time":"2025-01-31T15:14:47.663Z","v":0}
{"name":"Log","hostname":"Taurus","pid":82738,"level":30,"version":"5.108.2","msg":"Creating table: tokens","time":"2025-01-31T15:14:47.666Z","v":0}
{"name":"Log","hostname":"Taurus","pid":82738,"level":30,"version":"5.108.2","msg":"Creating table: snippets","time":"2025-01-31T15:14:47.671Z","v":0}
{"name":"Log","hostname":"Taurus","pid":82738,"level":30,"version":"5.108.2","msg":"Creating table: custom_theme_settings","time":"2025-01-31T15:14:47.675Z","v":0}
{"name":"Log","hostname":"Taurus","pid":82738,"level":30,"version":"5.108.2","msg":"Creating table: members_newsletters","time":"2025-01-31T15:14:47.677Z","v":0}
{"name":"Log","hostname":"Taurus","pid":82738,"level":30,"version":"5.108.2","msg":"Creating table: comments","time":"2025-01-31T15:14:47.684Z","v":0}
{"name":"Log","hostname":"Taurus","pid":82738,"level":30,"version":"5.108.2","msg":"Creating table: comment_likes","time":"2025-01-31T15:14:47.687Z","v":0}
{"name":"Log","hostname":"Taurus","pid":82738,"level":30,"version":"5.108.2","msg":"Creating table: comment_reports","time":"2025-01-31T15:14:47.690Z","v":0}
{"name":"Log","hostname":"Taurus","pid":82738,"level":30,"version":"5.108.2","msg":"Creating table: jobs","time":"2025-01-31T15:14:47.693Z","v":0}
{"name":"Log","hostname":"Taurus","pid":82738,"level":30,"version":"5.108.2","msg":"Creating table: redirects","time":"2025-01-31T15:14:47.698Z","v":0}
{"name":"Log","hostname":"Taurus","pid":82738,"level":30,"version":"5.108.2","msg":"Creating table: members_click_events","time":"2025-01-31T15:14:47.702Z","v":0}
{"name":"Log","hostname":"Taurus","pid":82738,"level":30,"version":"5.108.2","msg":"Creating table: members_feedback","time":"2025-01-31T15:14:47.705Z","v":0}
{"name":"Log","hostname":"Taurus","pid":82738,"level":30,"version":"5.108.2","msg":"Creating table: suppressions","time":"2025-01-31T15:14:47.707Z","v":0}
{"name":"Log","hostname":"Taurus","pid":82738,"level":30,"version":"5.108.2","msg":"Creating table: email_spam_complaint_events","time":"2025-01-31T15:14:47.711Z","v":0}
{"name":"Log","hostname":"Taurus","pid":82738,"level":30,"version":"5.108.2","msg":"Creating table: mentions","time":"2025-01-31T15:14:47.715Z","v":0}
{"name":"Log","hostname":"Taurus","pid":82738,"level":30,"version":"5.108.2","msg":"Creating table: milestones","time":"2025-01-31T15:14:47.717Z","v":0}
{"name":"Log","hostname":"Taurus","pid":82738,"level":30,"version":"5.108.2","msg":"Creating table: temp_mail_events","time":"2025-01-31T15:14:47.719Z","v":0}
{"name":"Log","hostname":"Taurus","pid":82738,"level":30,"version":"5.108.2","msg":"Creating table: collections","time":"2025-01-31T15:14:47.722Z","v":0}
{"name":"Log","hostname":"Taurus","pid":82738,"level":30,"version":"5.108.2","msg":"Creating table: collections_posts","time":"2025-01-31T15:14:47.727Z","v":0}
{"name":"Log","hostname":"Taurus","pid":82738,"level":30,"version":"5.108.2","msg":"Creating table: recommendations","time":"2025-01-31T15:14:47.729Z","v":0}
{"name":"Log","hostname":"Taurus","pid":82738,"level":30,"version":"5.108.2","msg":"Creating table: recommendation_click_events","time":"2025-01-31T15:14:47.732Z","v":0}
{"name":"Log","hostname":"Taurus","pid":82738,"level":30,"version":"5.108.2","msg":"Creating table: recommendation_subscribe_events","time":"2025-01-31T15:14:47.734Z","v":0}
{"name":"Log","hostname":"Taurus","pid":82738,"level":30,"version":"5.108.2","msg":"Model: Collection","time":"2025-01-31T15:14:47.995Z","v":0}
{"name":"Log","hostname":"Taurus","pid":82738,"level":30,"version":"5.108.2","msg":"Model: Product","time":"2025-01-31T15:14:47.999Z","v":0}
{"name":"Log","hostname":"Taurus","pid":82738,"level":30,"version":"5.108.2","msg":"Model: Newsletter","time":"2025-01-31T15:14:48.008Z","v":0}
{"name":"Log","hostname":"Taurus","pid":82738,"level":30,"version":"5.108.2","msg":"Model: Tag","time":"2025-01-31T15:14:48.012Z","v":0}
{"name":"Log","hostname":"Taurus","pid":82738,"level":30,"version":"5.108.2","msg":"Model: Permission","time":"2025-01-31T15:14:48.015Z","v":0}
{"name":"Log","hostname":"Taurus","pid":82738,"level":30,"version":"5.108.2","msg":"Model: Post","time":"2025-01-31T15:14:48.232Z","v":0}
{"name":"Log","hostname":"Taurus","pid":82738,"level":30,"version":"5.108.2","msg":"Model: Integration","time":"2025-01-31T15:14:48.416Z","v":0}
{"name":"Log","hostname":"Taurus","pid":82738,"level":30,"version":"5.108.2","msg":"Relation: Role to Permission","time":"2025-01-31T15:14:48.480Z","v":0}
{"name":"Log","hostname":"Taurus","pid":82738,"level":30,"version":"5.108.2","msg":"Relation: Post to Tag","time":"2025-01-31T15:14:48.707Z","v":0}
{"name":"Log","hostname":"Taurus","pid":82738,"level":30,"version":"5.108.2","msg":"Database is in a ready state.","time":"2025-01-31T15:14:48.762Z","v":0}
{"name":"Log","hostname":"Taurus","pid":82738,"level":30,"version":"5.108.2","msg":"Ghost database ready in 1.655s","time":"2025-01-31T15:14:48.763Z","v":0}
{"name":"Log","hostname":"Taurus","pid":82738,"level":30,"version":"5.108.2","msg":"Invalidating assets for regeneration","time":"2025-01-31T15:14:49.292Z","v":0}
{"name":"Log","hostname":"Taurus","pid":82738,"level":30,"version":"5.108.2","msg":"Adding offloaded job to the inline job queue","time":"2025-01-31T15:14:49.492Z","v":0}
{"name":"Log","hostname":"Taurus","pid":82738,"level":30,"version":"5.108.2","msg":"Scheduling job mentions-email-report at 6 16 * * * *. Next run on: Fri Jan 31 2025 16:16:06 GMT+0100 (heure normale d’Europe centrale)","time":"2025-01-31T15:14:49.497Z","v":0}
{"name":"Log","hostname":"Taurus","pid":82738,"level":30,"version":"5.108.2","msg":"Adding one-off job to inlineQueue with current length = 0 called 'members-migrations'","time":"2025-01-31T15:14:49.578Z","v":0}
{"name":"Log","hostname":"Taurus","pid":82738,"level":30,"version":"5.108.2","msg":"Stripe not configured - skipping migrations","time":"2025-01-31T15:14:49.584Z","v":0}
{"name":"Log","hostname":"Taurus","pid":82738,"level":30,"version":"5.108.2","msg":"Ghost URL Service Ready in 2.74s","time":"2025-01-31T15:14:49.848Z","v":0}
{"name":"Log","hostname":"Taurus","pid":82738,"level":30,"version":"5.108.2","msg":"Adding offloaded job to the inline job queue","time":"2025-01-31T15:14:50.070Z","v":0}
{"name":"Log","hostname":"Taurus","pid":82738,"level":30,"version":"5.108.2","msg":"Scheduling job clean-expired-comped at 24 4 4 * * *. Next run on: Sat Feb 01 2025 04:04:24 GMT+0100 (heure normale d’Europe centrale)","time":"2025-01-31T15:14:50.072Z","v":0}
{"name":"Log","hostname":"Taurus","pid":82738,"level":30,"version":"5.108.2","msg":"Adding offloaded job to the inline job queue","time":"2025-01-31T15:14:50.077Z","v":0}
{"name":"Log","hostname":"Taurus","pid":82738,"level":30,"version":"5.108.2","msg":"Scheduling job clean-tokens at 15 12 20 * * *. Next run on: Fri Jan 31 2025 20:12:15 GMT+0100 (heure normale d’Europe centrale)","time":"2025-01-31T15:14:50.079Z","v":0}
{"name":"Log","hostname":"Taurus","pid":82738,"level":30,"version":"5.108.2","msg":"Ghost booted in 2.973s","time":"2025-01-31T15:14:50.082Z","v":0}
{"name":"Log","hostname":"Taurus","pid":82738,"level":30,"version":"5.108.2","msg":"Adding offloaded job to the inline job queue","time":"2025-01-31T15:14:50.085Z","v":0}
{"name":"Log","hostname":"Taurus","pid":82738,"level":30,"version":"5.108.2","msg":"Scheduling job update-check at 22 29 5 * * *. Next run on: Sat Feb 01 2025 05:29:22 GMT+0100 (heure normale d’Europe centrale)","time":"2025-01-31T15:14:50.087Z","v":0}
{"name":"Log","hostname":"Taurus","pid":82738,"level":30,"version":"5.108.2","msg":"Running milestone emails job on Fri Jan 31 2025 16:14:55 GMT+0100 (heure normale d’Europe centrale)","time":"2025-01-31T15:14:50.094Z","v":0}
{"name":"Log","hostname":"Taurus","pid":82738,"level":40,"version":"5.108.2","msg":"Ghost is shutting down","time":"2025-01-31T15:15:41.868Z","v":0}
{"name":"Log","hostname":"Taurus","pid":82738,"level":40,"version":"5.108.2","msg":"Ghost has shut down","time":"2025-01-31T15:15:41.870Z","v":0}
{"name":"Log","hostname":"Taurus","pid":82738,"level":40,"version":"5.108.2","msg":"Ghost was running for a minute","time":"2025-01-31T15:15:41.870Z","v":0}
